npm verb cli [
npm verb cli   '/Users/emmamalysz/.nvm/versions/node/v16.13.2/bin/node',
npm verb cli   '/Users/emmamalysz/.nvm/versions/node/v16.13.2/bin/npm',
npm verb cli   'install',
npm verb cli   '--legacy-peer-deps',
npm verb cli   '--loglevel',
npm verb cli   'verbose'
npm verb cli ]
npm info using npm@8.1.2
npm info using node@v16.13.2
npm timing npm:load:whichnode Completed in 0ms
npm timing config:load:defaults Completed in 3ms
npm timing config:load:file:/Users/emmamalysz/.nvm/versions/node/v16.13.2/lib/node_modules/npm/npmrc Completed in 2ms
npm timing config:load:builtin Completed in 4ms
npm timing config:load:cli Completed in 3ms
npm timing config:load:env Completed in 1ms
npm timing config:load:file:/Users/emmamalysz/Onboarding/browserstack-automate-debugging-tasks/cypress/cypress-example-kitchensink/tmpBstackPackages/.npmrc Completed in 2ms
npm timing config:load:project Completed in 8ms
npm timing config:load:file:/Users/emmamalysz/.npmrc Completed in 1ms
npm timing config:load:user Completed in 1ms
npm timing config:load:file:/Users/emmamalysz/.nvm/versions/node/v16.13.2/etc/npmrc Completed in 0ms
npm timing config:load:global Completed in 0ms
npm timing config:load:validate Completed in 1ms
npm timing config:load:credentials Completed in 3ms
npm timing config:load:setEnvs Completed in 2ms
npm timing config:load Completed in 28ms
npm timing npm:load:configload Completed in 28ms
npm timing npm:load:setTitle Completed in 5ms
npm timing npm:load:setupLog Completed in 1ms
npm timing config:load:flatten Completed in 5ms
npm timing npm:load:cleanupLog Completed in 2ms
npm timing npm:load:configScope Completed in 0ms
npm timing npm:load:projectScope Completed in 1ms
npm timing npm:load Completed in 48ms
npm timing arborist:ctor Completed in 1ms
npm timing arborist:ctor Completed in 1ms
npm timing idealTree:init Completed in 25ms
npm timing idealTree:userRequests Completed in 0ms
npm http fetch GET 200 https://registry.npmjs.org/axios 562ms (cache revalidated)
npm http fetch GET 200 https://registry.npmjs.org/cypress 68ms (cache revalidated)
npm http fetch GET 200 https://registry.npmjs.org/@cypress%2frequest 289ms (cache revalidated)
npm http fetch GET 200 https://registry.npmjs.org/blob-util 320ms (cache revalidated)
npm http fetch GET 200 https://registry.npmjs.org/arch 389ms (cache revalidated)
npm http fetch GET 200 https://registry.npmjs.org/@cypress%2fxvfb 407ms (cache revalidated)
npm http fetch GET 200 https://registry.npmjs.org/cli-cursor 391ms (cache revalidated)
npm http fetch GET 200 https://registry.npmjs.org/enquirer 388ms (cache revalidated)
npm http fetch GET 200 https://registry.npmjs.org/follow-redirects 440ms (cache revalidated)
npm http fetch GET 200 https://registry.npmjs.org/check-more-types 416ms (cache revalidated)
npm http fetch GET 200 https://registry.npmjs.org/commander 423ms (cache revalidated)
npm http fetch GET 200 https://registry.npmjs.org/dayjs 422ms (cache revalidated)
npm http fetch GET 200 https://registry.npmjs.org/proxy-from-env 451ms (cache revalidated)
npm http fetch GET 200 https://registry.npmjs.org/buffer 435ms (cache revalidated)
npm http fetch GET 200 https://registry.npmjs.org/executable 420ms (cache revalidated)
npm http fetch GET 200 https://registry.npmjs.org/common-tags 432ms (cache revalidated)
npm http fetch GET 200 https://registry.npmjs.org/@types%2fsinonjs__fake-timers 461ms (cache revalidated)
npm http fetch GET 200 https://registry.npmjs.org/eventemitter2 444ms (cache revalidated)
npm http fetch GET 200 https://registry.npmjs.org/@types%2fnode 477ms (cache revalidated)
npm http fetch GET 200 https://registry.npmjs.org/form-data 516ms (cache revalidated)
npm http fetch GET 200 https://registry.npmjs.org/is-installed-globally 493ms (cache revalidated)
npm http fetch GET 200 https://registry.npmjs.org/fs-extra 513ms (cache revalidated)
npm http fetch GET 200 https://registry.npmjs.org/lazy-ass 519ms (cache revalidated)
npm http fetch GET 200 https://registry.npmjs.org/extract-zip 526ms (cache revalidated)
npm http fetch GET 200 https://registry.npmjs.org/supports-color 521ms (cache revalidated)
npm http fetch GET 200 https://registry.npmjs.org/request-progress 526ms (cache revalidated)
npm http fetch GET 200 https://registry.npmjs.org/chalk 549ms (cache revalidated)
npm http fetch GET 200 https://registry.npmjs.org/debug 545ms (cache revalidated)
npm http fetch GET 200 https://registry.npmjs.org/listr2 541ms (cache revalidated)
npm http fetch GET 200 https://registry.npmjs.org/figures 547ms (cache revalidated)
npm http fetch GET 200 https://registry.npmjs.org/@types%2fsizzle 575ms (cache revalidated)
npm http fetch GET 200 https://registry.npmjs.org/untildify 540ms (cache revalidated)
npm http fetch GET 200 https://registry.npmjs.org/ospath 542ms (cache revalidated)
npm http fetch GET 200 https://registry.npmjs.org/cli-table3 562ms (cache revalidated)
npm http fetch GET 200 https://registry.npmjs.org/pretty-bytes 546ms (cache revalidated)
npm http fetch GET 200 https://registry.npmjs.org/process 550ms (cache revalidated)
npm http fetch GET 200 https://registry.npmjs.org/semver 550ms (cache revalidated)
npm http fetch GET 200 https://registry.npmjs.org/bluebird 581ms (cache revalidated)
npm http fetch GET 200 https://registry.npmjs.org/execa 565ms (cache revalidated)
npm http fetch GET 200 https://registry.npmjs.org/minimist 560ms (cache revalidated)
npm http fetch GET 200 https://registry.npmjs.org/log-symbols 560ms (cache revalidated)
npm http fetch GET 200 https://registry.npmjs.org/yauzl 557ms (cache revalidated)
npm http fetch GET 200 https://registry.npmjs.org/getos 565ms (cache revalidated)
npm http fetch GET 200 https://registry.npmjs.org/is-ci 565ms (cache revalidated)
npm http fetch GET 200 https://registry.npmjs.org/cachedir 584ms (cache revalidated)
npm http fetch GET 200 https://registry.npmjs.org/lodash 564ms (cache revalidated)
npm http fetch GET 200 https://registry.npmjs.org/tmp 560ms (cache revalidated)
npm timing idealTree:#root Completed in 1274ms
npm http fetch GET 200 https://registry.npmjs.org/mime-types 55ms (cache revalidated)
npm http fetch GET 200 https://registry.npmjs.org/asynckit 63ms (cache revalidated)
npm http fetch GET 200 https://registry.npmjs.org/combined-stream 64ms (cache revalidated)
npm timing idealTree:node_modules/axios Completed in 75ms
npm http fetch GET 200 https://registry.npmjs.org/safe-buffer 153ms (cache revalidated)
npm http fetch GET 200 https://registry.npmjs.org/aws-sign2 167ms (cache revalidated)
npm http fetch GET 200 https://registry.npmjs.org/json-stringify-safe 166ms (cache revalidated)
npm http fetch GET 200 https://registry.npmjs.org/extend 167ms (cache revalidated)
npm http fetch GET 200 https://registry.npmjs.org/base64-js 161ms (cache revalidated)
npm http fetch GET 200 https://registry.npmjs.org/tough-cookie 165ms (cache revalidated)
npm http fetch GET 200 https://registry.npmjs.org/isstream 167ms (cache revalidated)
npm http fetch GET 200 https://registry.npmjs.org/qs 167ms (cache revalidated)
npm http fetch GET 200 https://registry.npmjs.org/http-signature 170ms (cache revalidated)
npm http fetch GET 200 https://registry.npmjs.org/ansi-colors 160ms (cache revalidated)
npm http fetch GET 200 https://registry.npmjs.org/restore-cursor 164ms (cache revalidated)
npm http fetch GET 200 https://registry.npmjs.org/ansi-styles 164ms (cache revalidated)
npm http fetch GET 200 https://registry.npmjs.org/tunnel-agent 170ms (cache revalidated)
npm http fetch GET 200 https://registry.npmjs.org/string-width 175ms (cache revalidated)
npm http fetch GET 200 https://registry.npmjs.org/pify 176ms (cache revalidated)
npm http fetch GET 200 https://registry.npmjs.org/get-stream 182ms (cache revalidated)
npm http fetch GET 200 https://registry.npmjs.org/is-stream 182ms (cache revalidated)
npm http fetch GET 200 https://registry.npmjs.org/ieee754 189ms (cache revalidated)
npm http fetch GET 200 https://registry.npmjs.org/lodash.once 193ms (cache revalidated)
npm http fetch GET 200 https://registry.npmjs.org/npm-run-path 184ms (cache revalidated)
npm http fetch GET 200 https://registry.npmjs.org/human-signals 185ms (cache revalidated)
npm http fetch GET 200 https://registry.npmjs.org/cross-spawn 186ms (cache revalidated)
npm http fetch GET 200 https://registry.npmjs.org/merge-stream 188ms (cache revalidated)
npm http fetch GET 200 https://registry.npmjs.org/strip-ansi 190ms (cache revalidated)
npm http fetch GET 200 https://registry.npmjs.org/@types%2fyauzl 187ms (cache revalidated)
npm http fetch GET 200 https://registry.npmjs.org/signal-exit 189ms (cache revalidated)
npm http fetch GET 200 https://registry.npmjs.org/@colors%2fcolors 204ms (cache revalidated)
npm http fetch GET 200 https://registry.npmjs.org/performance-now 216ms (cache revalidated)
npm http fetch GET 200 https://registry.npmjs.org/is-typedarray 223ms (cache revalidated)
npm http fetch GET 200 https://registry.npmjs.org/graceful-fs 213ms (cache revalidated)
npm http fetch GET 200 https://registry.npmjs.org/at-least-node 214ms (cache revalidated)
npm http fetch GET 200 https://registry.npmjs.org/global-dirs 216ms (cache revalidated)
npm http fetch GET 200 https://registry.npmjs.org/universalify 220ms (cache revalidated)
npm http fetch GET 200 https://registry.npmjs.org/ms 230ms (cache revalidated)
npm http fetch GET 200 https://registry.npmjs.org/is-path-inside 229ms (cache revalidated)
npm http fetch GET 200 https://registry.npmjs.org/jsonfile 231ms (cache revalidated)
npm http fetch GET 200 https://registry.npmjs.org/strip-final-newline 239ms (cache revalidated)
npm http fetch GET 200 https://registry.npmjs.org/rfdc 231ms (cache revalidated)
npm http fetch GET 200 https://registry.npmjs.org/escape-string-regexp 239ms (cache revalidated)
npm http fetch GET 200 https://registry.npmjs.org/onetime 240ms (cache revalidated)
npm http fetch GET 200 https://registry.npmjs.org/ci-info 238ms (cache revalidated)
npm http fetch GET 200 https://registry.npmjs.org/colorette 235ms (cache revalidated)
npm http fetch GET 200 https://registry.npmjs.org/rxjs 240ms (cache revalidated)
npm http fetch GET 200 https://registry.npmjs.org/uuid 271ms (cache revalidated)
npm http fetch GET 200 https://registry.npmjs.org/wrap-ansi 252ms (cache revalidated)
npm http fetch GET 200 https://registry.npmjs.org/throttleit 251ms (cache revalidated)
npm http fetch GET 200 https://registry.npmjs.org/log-update 264ms (cache revalidated)
npm http fetch GET 200 https://registry.npmjs.org/is-unicode-supported 259ms (cache revalidated)
npm http fetch GET 200 https://registry.npmjs.org/through 262ms (cache revalidated)
npm http fetch GET 200 https://registry.npmjs.org/aws4 290ms (cache revalidated)
npm http fetch GET 200 https://registry.npmjs.org/cli-truncate 277ms (cache revalidated)
npm http fetch GET 200 https://registry.npmjs.org/rimraf 269ms (cache revalidated)
npm http fetch GET 200 https://registry.npmjs.org/lru-cache 271ms (cache revalidated)
npm http fetch GET 200 https://registry.npmjs.org/forever-agent 304ms (cache revalidated)
npm http fetch GET 200 https://registry.npmjs.org/caseless 307ms (cache revalidated)
npm http fetch GET 200 https://registry.npmjs.org/async 290ms (cache revalidated)
npm http fetch GET 200 https://registry.npmjs.org/p-map 287ms (cache revalidated)
npm http fetch GET 200 https://registry.npmjs.org/has-flag 283ms (cache revalidated)
npm http fetch GET 200 https://registry.npmjs.org/buffer-crc32 282ms (cache revalidated)
npm http fetch GET 200 https://registry.npmjs.org/fd-slicer 284ms (cache revalidated)
npm timing idealTree:node_modules/cypress Completed in 414ms
npm http fetch GET 200 https://registry.npmjs.org/assert-plus 62ms (cache revalidated)
npm http fetch GET 200 https://registry.npmjs.org/punycode 60ms (cache revalidated)
npm http fetch GET 200 https://registry.npmjs.org/psl 61ms (cache revalidated)
npm http fetch GET 200 https://registry.npmjs.org/delayed-stream 67ms (cache revalidated)
npm http fetch GET 200 https://registry.npmjs.org/url-parse 63ms (cache revalidated)
npm http fetch GET 200 https://registry.npmjs.org/jsprim 67ms (cache revalidated)
npm http fetch GET 200 https://registry.npmjs.org/sshpk 66ms (cache revalidated)
npm http fetch GET 200 https://registry.npmjs.org/side-channel 66ms (cache revalidated)
npm http fetch GET 200 https://registry.npmjs.org/mime-db 67ms (cache revalidated)
npm timing idealTree:node_modules/@cypress/request Completed in 98ms
npm timing idealTree:node_modules/@cypress/xvfb Completed in 4ms
npm timing idealTree:node_modules/@types/node Completed in 0ms
npm timing idealTree:node_modules/@types/sinonjs__fake-timers Completed in 0ms
npm timing idealTree:node_modules/@types/sizzle Completed in 0ms
npm timing idealTree:node_modules/arch Completed in 0ms
npm timing idealTree:node_modules/aws-sign2 Completed in 0ms
npm timing idealTree:node_modules/aws4 Completed in 0ms
npm timing idealTree:node_modules/blob-util Completed in 0ms
npm timing idealTree:node_modules/bluebird Completed in 0ms
npm timing idealTree:node_modules/buffer Completed in 2ms
npm timing idealTree:node_modules/base64-js Completed in 0ms
npm timing idealTree:node_modules/cachedir Completed in 0ms
npm timing idealTree:node_modules/caseless Completed in 0ms
npm http fetch GET 200 https://registry.npmjs.org/color-convert 48ms (cache revalidated)
npm timing idealTree:node_modules/chalk Completed in 55ms
npm http fetch GET 200 https://registry.npmjs.org/color-name 50ms (cache revalidated)
npm timing idealTree:node_modules/ansi-styles Completed in 54ms
npm timing idealTree:node_modules/check-more-types Completed in 0ms
npm timing idealTree:node_modules/cli-cursor Completed in 1ms
npm http fetch GET 200 https://registry.npmjs.org/is-fullwidth-code-point 53ms (cache revalidated)
npm http fetch GET 200 https://registry.npmjs.org/emoji-regex 56ms (cache revalidated)
npm timing idealTree:node_modules/cli-table3 Completed in 59ms
npm timing idealTree:node_modules/@colors/colors Completed in 0ms
npm timing idealTree:node_modules/color-convert Completed in 1ms
npm timing idealTree:node_modules/color-name Completed in 1ms
npm timing idealTree:node_modules/combined-stream Completed in 0ms
npm timing idealTree:node_modules/commander Completed in 0ms
npm timing idealTree:node_modules/common-tags Completed in 0ms
npm timing idealTree:node_modules/dayjs Completed in 0ms
npm timing idealTree:node_modules/debug Completed in 1ms
npm timing idealTree:node_modules/delayed-stream Completed in 0ms
npm http fetch GET 200 https://registry.npmjs.org/ansi-regex 46ms (cache revalidated)
npm timing idealTree:node_modules/enquirer Completed in 53ms
npm timing idealTree:node_modules/ansi-colors Completed in 0ms
npm timing idealTree:node_modules/eventemitter2 Completed in 0ms
npm http fetch GET 200 https://registry.npmjs.org/path-key 48ms (cache revalidated)
npm http fetch GET 200 https://registry.npmjs.org/shebang-command 55ms (cache revalidated)
npm http fetch GET 200 https://registry.npmjs.org/pump 54ms (cache revalidated)
npm http fetch GET 200 https://registry.npmjs.org/which 56ms (cache revalidated)
npm http fetch GET 200 https://registry.npmjs.org/mimic-fn 56ms (cache revalidated)
npm timing idealTree:node_modules/execa Completed in 66ms
npm http fetch GET 200 https://registry.npmjs.org/shebang-regex 60ms (cache revalidated)
npm http fetch GET 200 https://registry.npmjs.org/isexe 62ms (cache revalidated)
npm timing idealTree:node_modules/cross-spawn Completed in 65ms
npm timing idealTree:node_modules/executable Completed in 2ms
npm timing idealTree:node_modules/extend Completed in 0ms
npm timing idealTree:node_modules/extract-zip Completed in 1ms
npm timing idealTree:node_modules/@types/yauzl Completed in 0ms
npm timing idealTree:node_modules/figures Completed in 3ms
npm timing idealTree:node_modules/escape-string-regexp Completed in 0ms
npm timing idealTree:node_modules/follow-redirects Completed in 0ms
npm timing idealTree:node_modules/forever-agent Completed in 0ms
npm timing idealTree:node_modules/form-data Completed in 2ms
npm timing idealTree:node_modules/asynckit Completed in 0ms
npm timing idealTree:node_modules/fs-extra Completed in 2ms
npm timing idealTree:node_modules/at-least-node Completed in 0ms
npm http fetch GET 200 https://registry.npmjs.org/once 44ms (cache revalidated)
npm http fetch GET 200 https://registry.npmjs.org/end-of-stream 46ms (cache revalidated)
npm timing idealTree:node_modules/get-stream Completed in 49ms
npm timing idealTree:node_modules/getos Completed in 1ms
npm timing idealTree:node_modules/async Completed in 0ms
npm timing idealTree:node_modules/graceful-fs Completed in 0ms
npm http fetch GET 200 https://registry.npmjs.org/bcrypt-pbkdf 52ms (cache revalidated)
npm http fetch GET 200 https://registry.npmjs.org/verror 59ms (cache revalidated)
npm http fetch GET 200 https://registry.npmjs.org/asn1 59ms (cache revalidated)
npm http fetch GET 200 https://registry.npmjs.org/dashdash 59ms (cache revalidated)
npm http fetch GET 200 https://registry.npmjs.org/extsprintf 63ms (cache revalidated)
npm http fetch GET 200 https://registry.npmjs.org/tweetnacl 61ms (cache revalidated)
npm http fetch GET 200 https://registry.npmjs.org/safer-buffer 68ms (cache revalidated)
npm http fetch GET 200 https://registry.npmjs.org/getpass 68ms (cache revalidated)
npm http fetch GET 200 https://registry.npmjs.org/jsbn 67ms (cache revalidated)
npm http fetch GET 200 https://registry.npmjs.org/json-schema 70ms (cache revalidated)
npm http fetch GET 200 https://registry.npmjs.org/ecc-jsbn 66ms (cache revalidated)
npm timing idealTree:node_modules/http-signature Completed in 74ms
npm timing idealTree:node_modules/assert-plus Completed in 0ms
npm timing idealTree:node_modules/human-signals Completed in 0ms
npm timing idealTree:node_modules/ieee754 Completed in 0ms
npm timing idealTree:node_modules/is-ci Completed in 2ms
npm timing idealTree:node_modules/ci-info Completed in 0ms
npm http fetch GET 200 https://registry.npmjs.org/ini 51ms (cache revalidated)
npm timing idealTree:node_modules/is-installed-globally Completed in 52ms
npm timing idealTree:node_modules/global-dirs Completed in 2ms
npm timing idealTree:node_modules/ini Completed in 0ms
npm timing idealTree:node_modules/is-path-inside Completed in 0ms
npm timing idealTree:node_modules/is-stream Completed in 0ms
npm timing idealTree:node_modules/is-typedarray Completed in 0ms
npm timing idealTree:node_modules/isstream Completed in 0ms
npm timing idealTree:node_modules/json-stringify-safe Completed in 0ms
npm timing idealTree:node_modules/jsonfile Completed in 0ms
npm http fetch GET 200 https://registry.npmjs.org/core-util-is 55ms (cache revalidated)
npm timing idealTree:node_modules/jsprim Completed in 59ms
npm timing idealTree:node_modules/extsprintf Completed in 0ms
npm timing idealTree:node_modules/json-schema Completed in 0ms
npm timing idealTree:node_modules/lazy-ass Completed in 0ms
npm http fetch GET 200 https://registry.npmjs.org/aggregate-error 37ms (cache revalidated)
npm http fetch GET 200 https://registry.npmjs.org/slice-ansi 53ms (cache revalidated)
npm http fetch GET 200 https://registry.npmjs.org/tslib 56ms (cache revalidated)
npm http fetch GET 200 https://registry.npmjs.org/ansi-escapes 58ms (cache revalidated)
npm timing idealTree:node_modules/listr2 Completed in 66ms
npm http fetch GET 200 https://registry.npmjs.org/astral-regex 46ms (cache revalidated)
npm timing idealTree:node_modules/cli-truncate Completed in 49ms
npm timing idealTree:node_modules/colorette Completed in 0ms
npm timing idealTree:node_modules/lodash Completed in 0ms
npm timing idealTree:node_modules/lodash.once Completed in 0ms
npm timing idealTree:node_modules/log-symbols Completed in 1ms
npm timing idealTree:node_modules/is-unicode-supported Completed in 0ms
npm http fetch GET 200 https://registry.npmjs.org/type-fest 47ms (cache revalidated)
npm timing idealTree:node_modules/log-update Completed in 61ms
npm timing idealTree:node_modules/ansi-escapes Completed in 3ms
npm timing idealTree:node_modules/merge-stream Completed in 0ms
npm timing idealTree:node_modules/mime-types Completed in 1ms
npm timing idealTree:node_modules/mime-db Completed in 0ms
npm timing idealTree:node_modules/minimist Completed in 0ms
npm timing idealTree:node_modules/ms Completed in 0ms
npm timing idealTree:node_modules/npm-run-path Completed in 0ms
npm timing idealTree:node_modules/onetime Completed in 1ms
npm timing idealTree:node_modules/mimic-fn Completed in 0ms
npm timing idealTree:node_modules/ospath Completed in 1ms
npm http fetch GET 200 https://registry.npmjs.org/clean-stack 48ms (cache revalidated)
npm http fetch GET 200 https://registry.npmjs.org/indent-string 52ms (cache revalidated)
npm timing idealTree:node_modules/p-map Completed in 56ms
npm timing idealTree:node_modules/aggregate-error Completed in 6ms
npm timing idealTree:node_modules/clean-stack Completed in 0ms
npm timing idealTree:node_modules/indent-string Completed in 0ms
npm timing idealTree:node_modules/path-key Completed in 0ms
npm timing idealTree:node_modules/performance-now Completed in 0ms
npm timing idealTree:node_modules/pify Completed in 0ms
npm timing idealTree:node_modules/pretty-bytes Completed in 0ms
npm timing idealTree:node_modules/process Completed in 0ms
npm timing idealTree:node_modules/proxy-from-env Completed in 0ms
npm http fetch GET 200 https://registry.npmjs.org/wrappy 57ms (cache revalidated)
npm timing idealTree:node_modules/pump Completed in 60ms
npm timing idealTree:node_modules/end-of-stream Completed in 0ms
npm timing idealTree:node_modules/once Completed in 1ms
npm http fetch GET 200 https://registry.npmjs.org/get-intrinsic 42ms (cache revalidated)
npm http fetch GET 200 https://registry.npmjs.org/object-inspect 42ms (cache revalidated)
npm http fetch GET 200 https://registry.npmjs.org/call-bind 47ms (cache revalidated)
npm timing idealTree:node_modules/qs Completed in 47ms
npm timing idealTree:node_modules/request-progress Completed in 1ms
npm timing idealTree:node_modules/restore-cursor Completed in 0ms
npm timing idealTree:node_modules/rfdc Completed in 0ms
npm timing idealTree:node_modules/rxjs Completed in 1ms
npm timing idealTree:node_modules/safe-buffer Completed in 0ms
npm http fetch GET 200 https://registry.npmjs.org/yallist 43ms (cache revalidated)
npm timing idealTree:node_modules/semver Completed in 43ms
npm timing idealTree:node_modules/lru-cache Completed in 1ms
npm timing idealTree:node_modules/shebang-command Completed in 1ms
npm timing idealTree:node_modules/shebang-regex Completed in 0ms
npm http fetch GET 200 https://registry.npmjs.org/has-proto 53ms (cache revalidated)
npm http fetch GET 200 https://registry.npmjs.org/function-bind 55ms (cache revalidated)
npm http fetch GET 200 https://registry.npmjs.org/has 56ms (cache revalidated)
npm http fetch GET 200 https://registry.npmjs.org/has-symbols 59ms (cache revalidated)
npm timing idealTree:node_modules/side-channel Completed in 63ms
npm timing idealTree:node_modules/call-bind Completed in 2ms
npm timing idealTree:node_modules/function-bind Completed in 0ms
npm timing idealTree:node_modules/get-intrinsic Completed in 1ms
npm timing idealTree:node_modules/has Completed in 0ms
npm timing idealTree:node_modules/has-proto Completed in 0ms
npm timing idealTree:node_modules/has-symbols Completed in 0ms
npm timing idealTree:node_modules/object-inspect Completed in 0ms
npm timing idealTree:node_modules/signal-exit Completed in 0ms
npm timing idealTree:node_modules/slice-ansi Completed in 2ms
npm timing idealTree:node_modules/astral-regex Completed in 0ms
npm timing idealTree:node_modules/is-fullwidth-code-point Completed in 0ms
npm timing idealTree:node_modules/sshpk Completed in 9ms
npm timing idealTree:node_modules/asn1 Completed in 0ms
npm timing idealTree:node_modules/bcrypt-pbkdf Completed in 0ms
npm timing idealTree:node_modules/dashdash Completed in 0ms
npm timing idealTree:node_modules/ecc-jsbn Completed in 0ms
npm timing idealTree:node_modules/getpass Completed in 0ms
npm timing idealTree:node_modules/jsbn Completed in 0ms
npm timing idealTree:node_modules/safer-buffer Completed in 0ms
npm timing idealTree:node_modules/string-width Completed in 1ms
npm timing idealTree:node_modules/emoji-regex Completed in 0ms
npm timing idealTree:node_modules/strip-ansi Completed in 0ms
npm timing idealTree:node_modules/ansi-regex Completed in 0ms
npm timing idealTree:node_modules/strip-final-newline Completed in 0ms
npm timing idealTree:node_modules/supports-color Completed in 0ms
npm timing idealTree:node_modules/has-flag Completed in 0ms
npm timing idealTree:node_modules/throttleit Completed in 0ms
npm timing idealTree:node_modules/through Completed in 0ms
npm http fetch GET 200 https://registry.npmjs.org/glob 63ms (cache revalidated)
npm timing idealTree:node_modules/tmp Completed in 68ms
npm http fetch GET 200 https://registry.npmjs.org/fs.realpath 48ms (cache revalidated)
npm http fetch GET 200 https://registry.npmjs.org/inflight 55ms (cache revalidated)
npm http fetch GET 200 https://registry.npmjs.org/inherits 55ms (cache revalidated)
npm http fetch GET 200 https://registry.npmjs.org/path-is-absolute 55ms (cache revalidated)
npm http fetch GET 200 https://registry.npmjs.org/minimatch 56ms (cache revalidated)
npm timing idealTree:node_modules/rimraf Completed in 62ms
npm http fetch GET 200 https://registry.npmjs.org/brace-expansion 48ms (cache revalidated)
npm timing idealTree:node_modules/glob Completed in 59ms
npm timing idealTree:node_modules/fs.realpath Completed in 0ms
npm timing idealTree:node_modules/inflight Completed in 1ms
npm timing idealTree:node_modules/inherits Completed in 0ms
npm http fetch GET 200 https://registry.npmjs.org/balanced-match 54ms (cache revalidated)
npm http fetch GET 200 https://registry.npmjs.org/concat-map 63ms (cache revalidated)
npm timing idealTree:node_modules/minimatch Completed in 65ms
npm timing idealTree:node_modules/brace-expansion Completed in 5ms
npm timing idealTree:node_modules/balanced-match Completed in 0ms
npm timing idealTree:node_modules/concat-map Completed in 0ms
npm timing idealTree:node_modules/path-is-absolute Completed in 0ms
npm http fetch GET 200 https://registry.npmjs.org/requires-port 60ms (cache revalidated)
npm http fetch GET 200 https://registry.npmjs.org/querystringify 64ms (cache revalidated)
npm timing idealTree:node_modules/tough-cookie Completed in 73ms
npm timing idealTree:node_modules/psl Completed in 0ms
npm timing idealTree:node_modules/punycode Completed in 0ms
npm timing idealTree:node_modules/tslib Completed in 0ms
npm timing idealTree:node_modules/tunnel-agent Completed in 0ms
npm timing idealTree:node_modules/tweetnacl Completed in 0ms
npm timing idealTree:node_modules/type-fest Completed in 0ms
npm timing idealTree:node_modules/universalify Completed in 0ms
npm timing idealTree:node_modules/untildify Completed in 0ms
npm timing idealTree:node_modules/url-parse Completed in 4ms
npm timing idealTree:node_modules/querystringify Completed in 0ms
npm timing idealTree:node_modules/requires-port Completed in 0ms
npm timing idealTree:node_modules/uuid Completed in 0ms
npm timing idealTree:node_modules/verror Completed in 1ms
npm timing idealTree:node_modules/core-util-is Completed in 0ms
npm timing idealTree:node_modules/which Completed in 5ms
npm timing idealTree:node_modules/isexe Completed in 0ms
npm timing idealTree:node_modules/wrap-ansi Completed in 0ms
npm timing idealTree:node_modules/wrappy Completed in 0ms
npm timing idealTree:node_modules/yallist Completed in 0ms
npm http fetch GET 200 https://registry.npmjs.org/pend 56ms (cache revalidated)
npm timing idealTree:node_modules/yauzl Completed in 61ms
npm timing idealTree:node_modules/buffer-crc32 Completed in 0ms
npm timing idealTree:node_modules/fd-slicer Completed in 3ms
npm timing idealTree:node_modules/pend Completed in 0ms
npm timing idealTree:node_modules/@cypress/request/node_modules/form-data Completed in 0ms
npm timing idealTree:node_modules/@cypress/xvfb/node_modules/debug Completed in 0ms
npm timing idealTree:node_modules/chalk/node_modules/supports-color Completed in 0ms
npm timing idealTree:node_modules/cypress/node_modules/proxy-from-env Completed in 0ms
npm timing idealTree:node_modules/log-update/node_modules/slice-ansi Completed in 0ms
npm timing idealTree:node_modules/log-update/node_modules/wrap-ansi Completed in 0ms
npm timing idealTree:node_modules/tough-cookie/node_modules/universalify Completed in 0ms
npm timing idealTree:buildDeps Completed in 3394ms
npm timing idealTree:fixDepFlags Completed in 2ms
npm timing idealTree Completed in 3430ms
npm timing reify:loadTrees Completed in 3432ms
npm timing reify:diffTrees Completed in 5ms
npm timing reify:retireShallow Completed in 1ms
npm timing reify:createSparse Completed in 18ms
npm timing reify:loadBundles Completed in 1ms
npm http fetch POST 200 https://registry.npmjs.org/-/npm/v1/security/advisories/bulk 478ms
npm timing auditReport:getReport Completed in 485ms
npm timing auditReport:init Completed in 0ms
npm timing reify:audit Completed in 486ms
npm timing reifyNode:node_modules/buffer-crc32 Completed in 570ms
npm timing reifyNode:node_modules/brace-expansion Completed in 570ms
npm timing reifyNode:node_modules/path-is-absolute Completed in 570ms
npm timing reifyNode:node_modules/querystringify Completed in 573ms
npm timing reifyNode:node_modules/inflight Completed in 572ms
npm timing reifyNode:node_modules/wrappy Completed in 572ms
npm timing reifyNode:node_modules/end-of-stream Completed in 572ms
npm timing reifyNode:node_modules/wrap-ansi Completed in 572ms
npm timing reifyNode:node_modules/slice-ansi Completed in 572ms
npm timing reifyNode:node_modules/once Completed in 573ms
npm timing reifyNode:node_modules/ini Completed in 572ms
npm timing reifyNode:node_modules/at-least-node Completed in 573ms
npm timing reifyNode:node_modules/universalify Completed in 573ms
npm timing reifyNode:node_modules/escape-string-regexp Completed in 573ms
npm timing reifyNode:node_modules/pify Completed in 573ms
npm timing reifyNode:node_modules/shebang-command Completed in 573ms
npm timing reifyNode:node_modules/merge-stream Completed in 573ms
npm timing reifyNode:node_modules/@types/yauzl Completed in 574ms
npm timing reifyNode:node_modules/strip-final-newline Completed in 574ms
npm timing reifyNode:node_modules/color-name Completed in 574ms
npm timing reifyNode:node_modules/lodash.once Completed in 573ms
npm timing reifyNode:node_modules/ms Completed in 574ms
npm timing reifyNode:node_modules/executable Completed in 573ms
npm timing reifyNode:node_modules/@types/sizzle Completed in 573ms
npm timing reifyNode:node_modules/@types/sinonjs__fake-timers Completed in 574ms
npm timing reifyNode:node_modules/log-update/node_modules/slice-ansi Completed in 578ms
npm timing reifyNode:node_modules/@cypress/xvfb Completed in 574ms
npm timing reifyNode:node_modules/tough-cookie/node_modules/universalify Completed in 577ms
npm timing reifyNode:node_modules/log-update/node_modules/wrap-ansi Completed in 581ms
npm timing reifyNode:node_modules/pend Completed in 584ms
npm timing reifyNode:node_modules/has-flag Completed in 583ms
npm timing reifyNode:node_modules/ansi-regex Completed in 584ms
npm timing reifyNode:node_modules/inherits Completed in 586ms
npm timing reifyNode:node_modules/is-fullwidth-code-point Completed in 586ms
npm timing reifyNode:node_modules/astral-regex Completed in 586ms
npm timing reifyNode:node_modules/indent-string Completed in 586ms
npm timing reifyNode:node_modules/clean-stack Completed in 586ms
npm timing reifyNode:node_modules/shebang-regex Completed in 586ms
npm timing reifyNode:node_modules/mimic-fn Completed in 586ms
npm timing reifyNode:node_modules/lru-cache Completed in 586ms
npm timing reifyNode:node_modules/is-unicode-supported Completed in 586ms
npm timing reifyNode:node_modules/aggregate-error Completed in 587ms
npm timing reifyNode:node_modules/p-map Completed in 587ms
npm timing reifyNode:node_modules/log-update Completed in 587ms
npm timing reifyNode:node_modules/is-path-inside Completed in 586ms
npm timing reifyNode:node_modules/global-dirs Completed in 587ms
npm timing reifyNode:node_modules/assert-plus Completed in 587ms
npm timing reifyNode:node_modules/path-key Completed in 589ms
npm timing reifyNode:node_modules/npm-run-path Completed in 588ms
npm timing reifyNode:node_modules/is-stream Completed in 588ms
npm timing reifyNode:node_modules/onetime Completed in 588ms
npm timing reifyNode:node_modules/string-width Completed in 588ms
npm timing reifyNode:node_modules/strip-ansi Completed in 589ms
npm timing reifyNode:node_modules/tunnel-agent Completed in 588ms
npm timing reifyNode:node_modules/restore-cursor Completed in 589ms
npm timing reifyNode:node_modules/is-typedarray Completed in 589ms
npm timing reifyNode:node_modules/signal-exit Completed in 591ms
npm timing reifyNode:node_modules/cli-truncate Completed in 591ms
npm timing reifyNode:node_modules/aws-sign2 Completed in 589ms
npm timing reifyNode:node_modules/ieee754 Completed in 590ms
npm timing reifyNode:node_modules/caseless Completed in 589ms
npm timing reifyNode:node_modules/forever-agent Completed in 590ms
npm timing reifyNode:node_modules/untildify Completed in 590ms
npm timing reifyNode:node_modules/ospath Completed in 592ms
npm timing reifyNode:node_modules/supports-color Completed in 592ms
npm timing reifyNode:node_modules/pretty-bytes Completed in 592ms
npm timing reifyNode:node_modules/is-installed-globally Completed in 592ms
npm timing reifyNode:node_modules/figures Completed in 592ms
npm timing reifyNode:node_modules/cli-cursor Completed in 592ms
npm timing reifyNode:node_modules/chalk/node_modules/supports-color Completed in 593ms
npm timing reifyNode:node_modules/balanced-match Completed in 602ms
npm timing reifyNode:node_modules/fs.realpath Completed in 602ms
npm timing reifyNode:node_modules/yallist Completed in 603ms
npm timing reifyNode:node_modules/ansi-escapes Completed in 603ms
npm timing reifyNode:node_modules/ansi-styles Completed in 602ms
npm timing reifyNode:node_modules/base64-js Completed in 602ms
npm timing reifyNode:node_modules/combined-stream Completed in 603ms
npm timing reifyNode:node_modules/extract-zip Completed in 603ms
npm timing reifyNode:node_modules/is-ci Completed in 603ms
npm timing reifyNode:node_modules/arch Completed in 607ms
npm timing reifyNode:node_modules/log-symbols Completed in 609ms
npm timing reifyNode:node_modules/minimatch Completed in 613ms
npm timing reifyNode:node_modules/requires-port Completed in 616ms
npm timing reifyNode:node_modules/getpass Completed in 615ms
npm timing reifyNode:node_modules/has Completed in 615ms
npm timing reifyNode:node_modules/pump Completed in 615ms
npm timing reifyNode:node_modules/graceful-fs Completed in 615ms
npm timing reifyNode:node_modules/which Completed in 615ms
npm timing reifyNode:node_modules/get-stream Completed in 614ms
npm timing reifyNode:node_modules/delayed-stream Completed in 614ms
npm timing reifyNode:node_modules/mime-types Completed in 616ms
npm timing reifyNode:node_modules/cachedir Completed in 616ms
npm timing reifyNode:node_modules/rimraf Completed in 624ms
npm timing reifyNode:node_modules/bcrypt-pbkdf Completed in 624ms
npm timing reifyNode:node_modules/colorette Completed in 623ms
npm timing reifyNode:node_modules/json-schema Completed in 624ms
npm timing reifyNode:node_modules/jsonfile Completed in 624ms
npm timing reifyNode:node_modules/safe-buffer Completed in 623ms
npm timing reifyNode:node_modules/yauzl Completed in 627ms
npm timing reifyNode:node_modules/punycode Completed in 634ms
npm timing reifyNode:node_modules/concat-map Completed in 634ms
npm timing reifyNode:node_modules/core-util-is Completed in 636ms
npm timing reifyNode:node_modules/throttleit Completed in 636ms
npm timing reifyNode:node_modules/ci-info Completed in 637ms
npm timing reifyNode:node_modules/ansi-colors Completed in 636ms
npm timing reifyNode:node_modules/color-convert Completed in 636ms
npm timing reifyNode:node_modules/process Completed in 636ms
npm timing reifyNode:node_modules/lazy-ass Completed in 635ms
npm timing reifyNode:node_modules/debug Completed in 635ms
npm timing reifyNode:node_modules/isexe Completed in 646ms
npm timing reifyNode:node_modules/safer-buffer Completed in 644ms
npm timing reifyNode:node_modules/has-proto Completed in 644ms
npm timing reifyNode:node_modules/jsprim Completed in 643ms
npm timing reifyNode:node_modules/extend Completed in 642ms
npm timing reifyNode:node_modules/request-progress Completed in 643ms
npm timing reifyNode:node_modules/aws4 Completed in 643ms
npm timing reifyNode:node_modules/isstream Completed in 644ms
npm timing reifyNode:node_modules/follow-redirects Completed in 645ms
npm timing reifyNode:node_modules/cypress/node_modules/proxy-from-env Completed in 646ms
npm timing reifyNode:node_modules/glob Completed in 652ms
npm timing reifyNode:node_modules/jsbn Completed in 652ms
npm timing reifyNode:node_modules/verror Completed in 651ms
npm timing reifyNode:node_modules/tmp Completed in 651ms
npm timing reifyNode:node_modules/proxy-from-env Completed in 650ms
npm timing reifyNode:node_modules/chalk Completed in 651ms
npm timing reifyNode:node_modules/fd-slicer Completed in 659ms
npm timing reifyNode:node_modules/emoji-regex Completed in 657ms
npm timing reifyNode:node_modules/ecc-jsbn Completed in 658ms
npm timing reifyNode:node_modules/extsprintf Completed in 659ms
npm timing reifyNode:node_modules/cross-spawn Completed in 659ms
npm timing reifyNode:node_modules/form-data Completed in 660ms
npm timing reifyNode:node_modules/json-stringify-safe Completed in 663ms
npm timing reifyNode:node_modules/url-parse Completed in 669ms
npm timing reifyNode:node_modules/eventemitter2 Completed in 667ms
npm timing reifyNode:node_modules/@cypress/xvfb/node_modules/debug Completed in 666ms
npm timing reifyNode:node_modules/buffer Completed in 666ms
npm timing reifyNode:node_modules/asn1 Completed in 672ms
npm timing reifyNode:node_modules/side-channel Completed in 673ms
npm timing reifyNode:node_modules/rfdc Completed in 675ms
npm timing reifyNode:node_modules/through Completed in 676ms
npm timing reifyNode:node_modules/http-signature Completed in 674ms
npm timing reifyNode:node_modules/check-more-types Completed in 673ms
npm timing reifyNode:node_modules/dashdash Completed in 679ms
npm timing reifyNode:node_modules/get-intrinsic Completed in 679ms
npm timing reifyNode:node_modules/call-bind Completed in 685ms
npm timing reifyNode:node_modules/cli-table3 Completed in 681ms
npm timing reifyNode:node_modules/blob-util Completed in 681ms
npm timing reifyNode:node_modules/commander Completed in 681ms
npm timing reifyNode:node_modules/execa Completed in 683ms
npm timing reifyNode:node_modules/function-bind Completed in 688ms
npm timing reifyNode:node_modules/human-signals Completed in 687ms
npm timing reifyNode:node_modules/tough-cookie Completed in 686ms
npm timing reifyNode:node_modules/has-symbols Completed in 691ms
npm timing reifyNode:node_modules/@cypress/request/node_modules/form-data Completed in 685ms
npm timing reifyNode:node_modules/mime-db Completed in 693ms
npm timing reifyNode:node_modules/asynckit Completed in 694ms
npm timing reifyNode:node_modules/performance-now Completed in 692ms
npm timing reifyNode:node_modules/tweetnacl Completed in 701ms
npm timing reifyNode:node_modules/tslib Completed in 701ms
npm timing reifyNode:node_modules/@cypress/request Completed in 699ms
npm timing reifyNode:node_modules/@colors/colors Completed in 709ms
npm timing reifyNode:node_modules/minimist Completed in 708ms
npm timing reifyNode:node_modules/qs Completed in 722ms
npm timing reifyNode:node_modules/psl Completed in 730ms
npm timing reifyNode:node_modules/object-inspect Completed in 736ms
npm timing reifyNode:node_modules/type-fest Completed in 750ms
npm timing reifyNode:node_modules/sshpk Completed in 755ms
npm timing reifyNode:node_modules/semver Completed in 754ms
npm timing reifyNode:node_modules/fs-extra Completed in 753ms
npm timing reifyNode:node_modules/enquirer Completed in 755ms
npm timing reifyNode:node_modules/getos Completed in 775ms
npm timing reifyNode:node_modules/uuid Completed in 781ms
npm timing reifyNode:node_modules/bluebird Completed in 784ms
npm timing reifyNode:node_modules/listr2 Completed in 789ms
npm timing reifyNode:node_modules/async Completed in 862ms
npm timing reifyNode:node_modules/common-tags Completed in 860ms
npm timing reifyNode:node_modules/axios Completed in 877ms
npm timing reifyNode:node_modules/@types/node Completed in 980ms
npm timing reifyNode:node_modules/dayjs Completed in 1045ms
npm timing reifyNode:node_modules/lodash Completed in 1268ms
npm timing reifyNode:node_modules/cypress Completed in 1328ms
npm timing reifyNode:node_modules/rxjs Completed in 1503ms
npm timing reify:unpack Completed in 1507ms
npm timing reify:unretire Completed in 1ms
npm timing build:queue Completed in 7ms
npm timing build:link:node_modules/rimraf Completed in 4ms
npm timing build:link:node_modules/is-ci Completed in 4ms
npm timing build:link:node_modules/semver Completed in 5ms
npm timing build:link:node_modules/extract-zip Completed in 5ms
npm timing build:link:node_modules/sshpk Completed in 5ms
npm timing build:link:node_modules/uuid Completed in 5ms
npm timing build:link:node_modules/cypress Completed in 6ms
npm timing build:link:node_modules/which Completed in 5ms
npm timing build:link Completed in 6ms
npm info run cypress@13.3.1 postinstall node_modules/cypress node index.js --exec install
npm info run cypress@13.3.1 postinstall { code: 0, signal: null }
npm timing build:run:postinstall:node_modules/cypress Completed in 973ms
npm timing build:run:postinstall Completed in 973ms
npm timing build:deps Completed in 987ms
npm timing build Completed in 988ms
npm timing reify:build Completed in 988ms
npm timing reify:trash Completed in 0ms
npm timing reify:save Completed in 33ms
npm timing reify Completed in 6047ms

added 182 packages, and audited 183 packages in 6s

38 packages are looking for funding
  run `npm fund` for details

found 0 vulnerabilities
npm timing command:install Completed in 6057ms
npm verb exit 0
npm timing npm Completed in 6306ms
npm info ok 
